Arguments: 
  /usr/local/bin/node /usr/local/Cellar/yarn/1.22.0/libexec/bin/yarn.js add bodyparser

PATH: 
  /Users/ahcogn/Downloads/google-cloud-sdk/bin:/usr/local/bin:/usr/bin:/bin:/usr/sbin:/sbin:/Library/Apple/usr/bin:/Users/ahcogn/Downloads/google-cloud-sdk/bin:/Users/ahcogn/Library/Android/sdk/emulator:/Users/ahcogn/Library/Android/sdk/tools:/Users/ahcogn/Library/Android/sdk/tools/bin:/Users/ahcogn/Library/Android/sdk/platform-tools:/Users/ahcogn/development/flutter/bin:/Users/ahcogn/Library/Android/sdk/emulator:/Users/ahcogn/Library/Android/sdk/tools:/Users/ahcogn/Library/Android/sdk/tools/bin:/Users/ahcogn/Library/Android/sdk/platform-tools:/Users/ahcogn/development/flutter/bin

Yarn version: 
  1.22.0

Node version: 
  14.15.1

Platform: 
  darwin x64

Trace: 
  Error: https://registry.yarnpkg.com/bodyparser: Not found
      at Request.params.callback [as _callback] (/usr/local/Cellar/yarn/1.22.0/libexec/lib/cli.js:66975:18)
      at Request.self.callback (/usr/local/Cellar/yarn/1.22.0/libexec/lib/cli.js:140727:22)
      at Request.emit (events.js:315:20)
      at Request.<anonymous> (/usr/local/Cellar/yarn/1.22.0/libexec/lib/cli.js:141699:10)
      at Request.emit (events.js:315:20)
      at IncomingMessage.<anonymous> (/usr/local/Cellar/yarn/1.22.0/libexec/lib/cli.js:141621:12)
      at Object.onceWrapper (events.js:421:28)
      at IncomingMessage.emit (events.js:327:22)
      at endReadableNT (_stream_readable.js:1327:12)
      at processTicksAndRejections (internal/process/task_queues.js:80:21)

npm manifest: 
  {
    "name": "p2",
    "version": "1.0.0",
    "description": "",
    "main": "index.js",
    "dependencies": {
      "express": "^4.17.1",
      "mongoose": "^5.11.7"
    },
    "devDependencies": {
      "@types/express": "^4.17.9",
      "@types/node": "^14.14.13",
      "nodemon": "^2.0.6",
      "ts-node": "^9.1.1",
      "tslint": "^6.1.3",
      "typescript": "^4.1.2"
    },
    "scripts": {
      "test": "echo \"Error: no test specified\" && exit 1",
      "start": "nodemon"
    },
    "author": "",
    "license": "ISC"
  }

yarn manifest: 
  No manifest

Lockfile: 
  No lockfile
